<?xml version="1.0" encoding="UTF-8"?>
<!-- Generated by org.testng.reporters.JUnitReportReporter -->
<testsuite hostname="Rafael" failures="0" tests="1" name="laba.carina.demo.HelloWorld" time="0.019" errors="0" timestamp="2023-02-22T08:44:02 CST" skipped="0">
  <testcase classname="laba.carina.demo.HelloWorld" name="helloWorld" time="0.019"/>
  <system-out/>
</testsuite> <!-- laba.carina.demo.HelloWorld -->
